<?xml version="1.0" encoding="UTF-8"?>
<beans xmlns="http://www.springframework.org/schema/beans"
       xmlns:xsi="http://www.w3.org/2001/XMLSchema-instance"
       xmlns:util="http://www.springframework.org/schema/util"
       xmlns:context="http://www.springframework.org/schema/context"
       xmlns:mockito="http://www.mockito.org/spring/mockito"
       xsi:schemaLocation="
            http://www.springframework.org/schema/beans
            http://www.springframework.org/schema/beans/spring-beans-3.0.xsd
            http://www.springframework.org/schema/util
            http://www.springframework.org/schema/util/spring-util-3.1.xsd
            http://www.springframework.org/schema/context
            http://www.springframework.org/schema/context/spring-context-3.0.xsd
            http://www.mockito.org/spring/mockito http://www.mockito.org/spring/mockito.xsd">

    <bean class="ru.yandex.qatools.embed.postgresql.PostgresqlService"
          init-method="start" destroy-method="stop"
            />
</beans>
